<?xml version="1.0" encoding="UTF-8"?>
<!-- Generated by org.testng.reporters.JUnitReportReporter -->
<testsuite hostname="DESKTOP-QG3M6GK" failures="0" tests="1" name="tests.OrderTest" time="57.200" errors="0" timestamp="2024-08-29T19:42:04 IST" skipped="0">
  <testcase classname="tests.OrderTest" name="placeOrderTest" time="57.200"/>
  <system-out/>
</testsuite> <!-- tests.OrderTest -->
