<?xml version="1.0" encoding="UTF-8"?>
<!-- Generated by org.testng.reporters.JUnitReportReporter -->
<testsuite hostname="DESKTOP-QG3M6GK" failures="0" tests="1" name="tests.CartTest" time="34.598" errors="0" timestamp="2024-08-29T19:39:22 IST" skipped="0">
  <testcase classname="tests.CartTest" name="addToCartTest" time="34.598"/>
  <system-out/>
</testsuite> <!-- tests.CartTest -->
