<?xml version="1.0" encoding="UTF-8"?>
<!-- Generated by org.testng.reporters.JUnitReportReporter -->
<testsuite hostname="DESKTOP-QG3M6GK" failures="0" tests="1" name="com.sample.AppTest" time="23.885" errors="0" timestamp="2024-07-31T11:49:14 IST" skipped="0">
  <testcase classname="com.sample.AppTest" name="shouldAnswerWithTrue" time="23.885"/>
  <system-out/>
</testsuite> <!-- com.sample.AppTest -->
