<?xml version="1.0" encoding="UTF-8"?>
<!-- Generated by org.testng.reporters.JUnitReportReporter -->
<testsuite hostname="DESKTOP-QG3M6GK" failures="0" tests="1" name="tests.ContactTest" time="2.325" errors="0" timestamp="2024-08-29T19:41:00 IST" skipped="0">
  <testcase classname="tests.ContactTest" name="contactTest" time="2.325"/>
  <system-out/>
</testsuite> <!-- tests.ContactTest -->
