<?xml version="1.0" encoding="UTF-8"?>
<!-- Generated by org.testng.reporters.JUnitReportReporter -->
<testsuite hostname="DESKTOP-QG3M6GK" failures="0" tests="1" name="tests.SignUpTest" time="17.448" errors="0" timestamp="2024-08-29T19:40:27 IST" skipped="0">
  <testcase classname="tests.SignUpTest" name="signUpTest" time="17.448"/>
  <system-out/>
</testsuite> <!-- tests.SignUpTest -->
